#
# A fatal error has been detected by the Java Runtime Environment:
#
#  EXCEPTION_ACCESS_VIOLATION (0xc0000005) at pc=0x60cb9ab5, pid=19060, tid=11788
#
# JRE version: Java(TM) SE Runtime Environment (8.0_66-b17) (build 1.8.0_66-b17)
# Java VM: Java HotSpot(TM) Client VM (25.66-b17 mixed mode windows-x86 )
# Problematic frame:
# C  [awt.dll+0xa9ab5]
#
# Failed to write core dump. Minidumps are not enabled by default on client versions of Windows
#
# If you would like to submit a bug report, please visit:
#   http://bugreport.java.com/bugreport/crash.jsp
# The crash happened outside the Java Virtual Machine in native code.
# See problematic frame for where to report the bug.
#

---------------  T H R E A D  ---------------

Current thread (0x28289400):  JavaThread "AWT-EventQueue-0" [_thread_in_native, id=11788, stack(0x28f80000,0x28fd0000)]

siginfo: ExceptionCode=0xc0000005, reading address 0x00000004

Registers:
EAX=0x0000000d, EBX=0x283d7310, ECX=0x00000000, EDX=0x00c766f8
ESP=0x28fcda38, EBP=0x75f96bf0, ESI=0x28762040, EDI=0x2f010ef5
EIP=0x60cb9ab5, EFLAGS=0x00010293

Top of Stack: (sp=0x28fcda38)
0x28fcda38:   60c3e93f 2f010ef5 283d7310 28289540
0x28fcda48:   28fcdb08 28fcdfc0 60c6b31f 28289540
0x28fcda58:   283d7310 28fcdfc0 60c6b336 00000001
0x28fcda68:   00000000 00000000 60c3bb85 28289540
0x28fcda78:   28fcdfc0 28289400 00000000 00000000
0x28fcda88:   28fcda78 28fce258 28fce23c 2863c238
0x28fcda98:   28fcdfc4 28289540 28fce178 28fce17c
0x28fcdaa8:   28fce180 28fce184 28fce188 28fce18c 

Instructions: (pc=0x60cb9ab5)
0x60cb9a95:   00 00 c3 8b 41 04 8b 80 0c 0c 00 00 c3 8b 01 83
0x60cb9aa5:   78 04 08 7e 03 33 c0 c3 8b 49 04 e9 94 eb fe ff
0x60cb9ab5:   8b 49 04 85 c9 74 05 e9 a2 e9 fe ff 33 c0 c2 04
0x60cb9ac5:   00 8b 49 04 85 c9 74 05 e9 b7 e9 fe ff c2 04 00 


Register to memory mapping:

EAX=0x0000000d is an unknown value
EBX=0x283d7310 is an unknown value
ECX=0x00000000 is an unknown value
EDX=0x00c766f8 is an unknown value
ESP=0x28fcda38 is pointing into the stack for thread: 0x28289400
EBP=0x75f96bf0 is an unknown value
ESI=0x28762040 is an unknown value
EDI=0x2f010ef5 is an unknown value


Stack: [0x28f80000,0x28fd0000],  sp=0x28fcda38,  free space=310k
Native frames: (J=compiled Java code, j=interpreted, Vv=VM code, C=native code)
C  [awt.dll+0xa9ab5]

Java frames: (J=compiled Java code, j=interpreted, Vv=VM code)
J 2534  sun.java2d.windows.GDIBlitLoops.nativeBlit(Lsun/java2d/SurfaceData;Lsun/java2d/SurfaceData;Lsun/java2d/pipe/Region;IIIIIIIIIZ)V (0 bytes) @ 0x02aac318 [0x02aac250+0xc8]
J 6643 C1 sun.java2d.windows.GDIBlitLoops.Blit(Lsun/java2d/SurfaceData;Lsun/java2d/SurfaceData;Ljava/awt/Composite;Lsun/java2d/pipe/Region;IIIIII)V (37 bytes) @ 0x02b7e7d8 [0x02b7e740+0x98]
j  sun.java2d.pipe.DrawImage.blitSurfaceData(Lsun/java2d/SunGraphics2D;Lsun/java2d/pipe/Region;Lsun/java2d/SurfaceData;Lsun/java2d/SurfaceData;Lsun/java2d/loops/SurfaceType;Lsun/java2d/loops/SurfaceType;IIIIIILjava/awt/Color;)V+97
j  sun.java2d.pipe.DrawImage.renderImageCopy(Lsun/java2d/SunGraphics2D;Ljava/awt/Image;Ljava/awt/Color;IIIIII)Z+75
j  sun.java2d.pipe.DrawImage.copyImage(Lsun/java2d/SunGraphics2D;Ljava/awt/Image;IILjava/awt/Color;)Z+45
J 7113 C1 sun.java2d.pipe.DrawImage.copyImage(Lsun/java2d/SunGraphics2D;Ljava/awt/Image;IILjava/awt/Color;Ljava/awt/image/ImageObserver;)Z (60 bytes) @ 0x02999264 [0x02999100+0x164]
J 6692 C1 sun.java2d.pipe.ValidatePipe.copyImage(Lsun/java2d/SunGraphics2D;Ljava/awt/Image;IILjava/awt/Color;Ljava/awt/image/ImageObserver;)Z (29 bytes) @ 0x02b1ef28 [0x02b1eeb0+0x78]
J 7165 C1 sun.java2d.SunGraphics2D.drawImage(Ljava/awt/Image;IILjava/awt/Color;Ljava/awt/image/ImageObserver;)Z (145 bytes) @ 0x02a3bdc4 [0x02a3bbd0+0x1f4]
j  sun.java2d.SunGraphics2D.drawImage(Ljava/awt/Image;IILjava/awt/image/ImageObserver;)Z+7
j  javax.swing.RepaintManager$PaintManager.paintDoubleBuffered(Ljavax/swing/JComponent;Ljava/awt/Image;Ljava/awt/Graphics;IIII)V+242
j  javax.swing.RepaintManager$PaintManager.paint(Ljavax/swing/JComponent;Ljavax/swing/JComponent;Ljava/awt/Graphics;IIII)Z+116
j  javax.swing.RepaintManager.paint(Ljavax/swing/JComponent;Ljavax/swing/JComponent;Ljava/awt/Graphics;IIII)V+51
j  javax.swing.JComponent.paint(Ljava/awt/Graphics;)V+221
j  java.awt.GraphicsCallback$PaintCallback.run(Ljava/awt/Component;Ljava/awt/Graphics;)V+2
j  sun.awt.SunGraphicsCallback.runOneComponent(Ljava/awt/Component;Ljava/awt/Rectangle;Ljava/awt/Graphics;Ljava/awt/Shape;I)V+155
j  sun.awt.SunGraphicsCallback.runComponents([Ljava/awt/Component;Ljava/awt/Graphics;I)V+194
j  java.awt.Container.paint(Ljava/awt/Graphics;)V+58
j  java.awt.Window.paint(Ljava/awt/Graphics;)V+68
J 6716 C1 javax.swing.RepaintManager$4.run()Ljava/lang/Void; (278 bytes) @ 0x02a939b4 [0x02a936e0+0x2d4]
J 6715 C1 javax.swing.RepaintManager$4.run()Ljava/lang/Object; (5 bytes) @ 0x02b46020 [0x02b46000+0x20]
v  ~StubRoutines::call_stub
J 2112  java.security.AccessController.doPrivileged(Ljava/security/PrivilegedAction;Ljava/security/AccessControlContext;)Ljava/lang/Object; (0 bytes) @ 0x02b19587 [0x02b19520+0x67]
J 6995 C1 java.security.ProtectionDomain$JavaSecurityAccessImpl.doIntersectionPrivilege(Ljava/security/PrivilegedAction;Ljava/security/AccessControlContext;Ljava/security/AccessControlContext;)Ljava/lang/Object; (22 bytes) @ 0x02bd1680 [0x02bd1580+0x100]
j  javax.swing.RepaintManager.paintDirtyRegions(Ljava/util/Map;)V+154
j  javax.swing.RepaintManager.paintDirtyRegions()V+46
j  javax.swing.RepaintManager.prePaintDirtyRegions()V+73
j  javax.swing.RepaintManager.access$1200(Ljavax/swing/RepaintManager;)V+1
j  javax.swing.RepaintManager$ProcessingRunnable.run()V+37
J 6904 C1 java.awt.event.InvocationEvent.dispatch()V (69 bytes) @ 0x02a9a79c [0x02a9a6b0+0xec]
J 7001 C1 java.awt.EventQueue.dispatchEventImpl(Ljava/awt/AWTEvent;Ljava/lang/Object;)V (149 bytes) @ 0x02b7da4c [0x02b7d590+0x4bc]
J 7000 C1 java.awt.EventQueue$3.run()Ljava/lang/Void; (60 bytes) @ 0x02b0261c [0x02b025c0+0x5c]
J 6999 C1 java.awt.EventQueue$3.run()Ljava/lang/Object; (5 bytes) @ 0x02b14aa0 [0x02b14a80+0x20]
v  ~StubRoutines::call_stub
J 2112  java.security.AccessController.doPrivileged(Ljava/security/PrivilegedAction;Ljava/security/AccessControlContext;)Ljava/lang/Object; (0 bytes) @ 0x02b19587 [0x02b19520+0x67]
J 6997 C1 java.awt.EventQueue.dispatchEvent(Ljava/awt/AWTEvent;)V (80 bytes) @ 0x02b14f48 [0x02b14d40+0x208]
J 2070 C1 java.awt.EventDispatchThread.pumpOneEventForFilters(I)V (295 bytes) @ 0x02b0ec14 [0x02b0e580+0x694]
J 2956% C1 java.awt.EventDispatchThread.pumpEventsForFilter(ILjava/awt/Conditional;Ljava/awt/EventFilter;)V (47 bytes) @ 0x0287e07c [0x0287dfc0+0xbc]
j  java.awt.EventDispatchThread.pumpEventsForHierarchy(ILjava/awt/Conditional;Ljava/awt/Component;)V+11
j  java.awt.EventDispatchThread.pumpEvents(ILjava/awt/Conditional;)V+4
j  java.awt.EventDispatchThread.pumpEvents(Ljava/awt/Conditional;)V+3
j  java.awt.EventDispatchThread.run()V+9
v  ~StubRoutines::call_stub

---------------  P R O C E S S  ---------------

Java Threads: ( => current thread )
  0x286ee000 JavaThread "JmDNS(LAPTOP-AETOLKDM.local.).Timer" daemon [_thread_blocked, id=17908, stack(0x26b90000,0x26be0000)]
  0x286edc00 JavaThread "JmDNS(LAPTOP-AETOLKDM.local.).State.Timer" [_thread_blocked, id=9044, stack(0x26b00000,0x26b50000)]
  0x286eb000 JavaThread "JmDNS(LAPTOP-AETOLKDM.local.).Timer" daemon [_thread_blocked, id=6408, stack(0x25c40000,0x25c90000)]
  0x286f2400 JavaThread "SocketListener(LAPTOP-AETOLKDM.local.)" daemon [_thread_in_native, id=4180, stack(0x25bb0000,0x25c00000)]
  0x286f0000 JavaThread "JmDNS(LAPTOP-AETOLKDM.local.).Timer" daemon [_thread_blocked, id=20940, stack(0x25b20000,0x25b70000)]
  0x286f2000 JavaThread "JmDNS(LAPTOP-AETOLKDM.local.).State.Timer" [_thread_blocked, id=10884, stack(0x25a90000,0x25ae0000)]
  0x286ec800 JavaThread "JmDNS(LAPTOP-AETOLKDM.local.).Timer" daemon [_thread_blocked, id=16676, stack(0x25a00000,0x25a50000)]
  0x286f0800 JavaThread "SocketListener(LAPTOP-AETOLKDM.local.)" daemon [_thread_in_native, id=18504, stack(0x25970000,0x259c0000)]
  0x286ee800 JavaThread "JmDNS(LAPTOP-AETOLKDM.local.).Timer" daemon [_thread_blocked, id=5656, stack(0x258e0000,0x25930000)]
  0x286ed400 JavaThread "JmDNS(LAPTOP-AETOLKDM.local.).State.Timer" [_thread_blocked, id=4324, stack(0x25750000,0x257a0000)]
  0x286ecc00 JavaThread "JmDNS(LAPTOP-AETOLKDM.local.).Timer" daemon [_thread_blocked, id=18164, stack(0x25680000,0x256d0000)]
  0x286ebc00 JavaThread "SocketListener(LAPTOP-AETOLKDM.local.)" daemon [_thread_in_native, id=2840, stack(0x255f0000,0x25640000)]
  0x286f1800 JavaThread "JmDNS(LAPTOP-AETOLKDM.local.).State.Timer" [_thread_blocked, id=15868, stack(0x02510000,0x02560000)]
  0x286ec000 JavaThread "SocketListener(LAPTOP-AETOLKDM.local.)" daemon [_thread_in_native, id=20300, stack(0x009e0000,0x00a30000)]
  0x286f0c00 JavaThread "DestroyJavaVM" [_thread_blocked, id=21476, stack(0x02570000,0x025c0000)]
  0x28289000 JavaThread "TimerQueue" daemon [_thread_blocked, id=14480, stack(0x298d0000,0x29920000)]
  0x2828bc00 JavaThread "Batik CleanerThread" daemon [_thread_blocked, id=17092, stack(0x29150000,0x291a0000)]
=>0x28289400 JavaThread "AWT-EventQueue-0" [_thread_in_native, id=11788, stack(0x28f80000,0x28fd0000)]
  0x2828b000 JavaThread "AWT-Shutdown" [_thread_blocked, id=7376, stack(0x268a0000,0x268f0000)]
  0x26427c00 JavaThread "cc.arduino.packages.discoverers.network.BoardReachabilityFilter" [_thread_blocked, id=19532, stack(0x279b0000,0x27a00000)]
  0x263c4c00 JavaThread "cc.arduino.packages.discoverers.network.NetworkChecker" [_thread_blocked, id=11332, stack(0x27920000,0x27970000)]
  0x263c0c00 JavaThread "cc.arduino.packages.discoverers.serial.SerialBoardsLister" [_thread_blocked, id=15888, stack(0x27890000,0x278e0000)]
  0x263a4800 JavaThread "AWT-Windows" daemon [_thread_in_native, id=8372, stack(0x26930000,0x26980000)]
  0x263a3000 JavaThread "Java2D Disposer" daemon [_thread_blocked, id=17852, stack(0x26810000,0x26860000)]
  0x25cf7000 JavaThread "Service Thread" daemon [_thread_blocked, id=3976, stack(0x26180000,0x261d0000)]
  0x25ceb000 JavaThread "C1 CompilerThread0" daemon [_thread_blocked, id=20032, stack(0x260f0000,0x26140000)]
  0x25ce9400 JavaThread "Attach Listener" daemon [_thread_blocked, id=19768, stack(0x26060000,0x260b0000)]
  0x25ce7400 JavaThread "Signal Dispatcher" daemon [_thread_blocked, id=12448, stack(0x25fd0000,0x26020000)]
  0x25cb8000 JavaThread "Finalizer" daemon [_thread_blocked, id=21100, stack(0x253f0000,0x25440000)]
  0x25cb3400 JavaThread "Reference Handler" daemon [_thread_blocked, id=10680, stack(0x25360000,0x253b0000)]

Other Threads:
  0x024cd000 VMThread [stack: 0x252d0000,0x25320000] [id=16496]
  0x25d0e400 WatcherThread [stack: 0x26210000,0x26260000] [id=11964]

VM state:not at safepoint (normal execution)

VM Mutex/Monitor currently owned by a thread: None

Heap:
 def new generation   total 62784K, used 39421K [0x04a00000, 0x08e20000, 0x0f4a0000)
  eden space 55808K,  69% used [0x04a00000, 0x06fdbc38, 0x08080000)
  from space 6976K,   9% used [0x08750000, 0x087f3b38, 0x08e20000)
  to   space 6976K,   0% used [0x08080000, 0x08080000, 0x08750000)
 tenured generation   total 139332K, used 95814K [0x0f4a0000, 0x17cb1000, 0x24a00000)
   the space 139332K,  68% used [0x0f4a0000, 0x15231b78, 0x15231c00, 0x17cb1000)
 Metaspace       used 18639K, capacity 19073K, committed 19328K, reserved 19840K

Card table byte_map: [0x048e0000,0x049f0000] byte_map_base: 0x048bb000

Polling page: 0x02280000

CodeCache: size=32768Kb used=1776Kb max_used=4290Kb free=30991Kb
 bounds [0x027a0000, 0x02bd8000, 0x047a0000]
 total_blobs=1157 nmethods=879 adapters=206
 compilation: enabled

Compilation events (10 events):
Event: 12444.179 Thread 0x25ceb000 7162   !         cc.arduino.packages.discoverers.network.BoardReachabilityFilter::run (175 bytes)
Event: 12444.179 Thread 0x25ceb000 nmethod 7162 0x02929788 code [0x02929a10, 0x0292a32c]
Event: 19507.140 Thread 0x25ceb000 7163             org.fife.ui.rsyntaxtextarea.SyntaxView::drawLine (126 bytes)
Event: 19507.141 Thread 0x25ceb000 nmethod 7163 0x028b4b48 code [0x028b4cd0, 0x028b5084]
Event: 19507.142 Thread 0x25ceb000 7164             sun.font.FontUtilities::isComplexText (38 bytes)
Event: 19507.143 Thread 0x25ceb000 nmethod 7164 0x0292f008 code [0x0292f110, 0x0292f25c]
Event: 19507.143 Thread 0x25ceb000 7165   !         sun.java2d.SunGraphics2D::drawImage (145 bytes)
Event: 19507.144 Thread 0x25ceb000 nmethod 7165 0x02a3ba48 code [0x02a3bbd0, 0x02a3c000]
Event: 19507.144 Thread 0x25ceb000 7166             sun.java2d.SunGraphics2D::isHiDPIImage (29 bytes)
Event: 19507.144 Thread 0x25ceb000 nmethod 7166 0x02993488 code [0x029935a0, 0x02993738]

GC Heap History (10 events):
Event: 9355.485 GC heap before
{Heap before GC invocations=24 (full 2):
 def new generation   total 62784K, used 56397K [0x04a00000, 0x08e20000, 0x0f4a0000)
  eden space 55808K, 100% used [0x04a00000, 0x08080000, 0x08080000)
  from space 6976K,   8% used [0x08080000, 0x081136d0, 0x08750000)
  to   space 6976K,   0% used [0x08750000, 0x08750000, 0x08e20000)
 tenured generation   total 139332K, used 87932K [0x0f4a0000, 0x17cb1000, 0x24a00000)
   the space 139332K,  63% used [0x0f4a0000, 0x14a7f168, 0x14a7f200, 0x17cb1000)
 Metaspace       used 18637K, capacity 19068K, committed 19328K, reserved 19840K
Event: 9355.490 GC heap after
Heap after GC invocations=25 (full 2):
 def new generation   total 62784K, used 910K [0x04a00000, 0x08e20000, 0x0f4a0000)
  eden space 55808K,   0% used [0x04a00000, 0x04a00000, 0x08080000)
  from space 6976K,  13% used [0x08750000, 0x08833bb0, 0x08e20000)
  to   space 6976K,   0% used [0x08080000, 0x08080000, 0x08750000)
 tenured generation   total 139332K, used 95814K [0x0f4a0000, 0x17cb1000, 0x24a00000)
   the space 139332K,  68% used [0x0f4a0000, 0x15231b78, 0x15231c00, 0x17cb1000)
 Metaspace       used 18637K, capacity 19068K, committed 19328K, reserved 19840K
}
Event: 10248.259 GC heap before
{Heap before GC invocations=25 (full 2):
 def new generation   total 62784K, used 56718K [0x04a00000, 0x08e20000, 0x0f4a0000)
  eden space 55808K, 100% used [0x04a00000, 0x08080000, 0x08080000)
  from space 6976K,  13% used [0x08750000, 0x08833bb0, 0x08e20000)
  to   space 6976K,   0% used [0x08080000, 0x08080000, 0x08750000)
 tenured generation   total 139332K, used 95814K [0x0f4a0000, 0x17cb1000, 0x24a00000)
   the space 139332K,  68% used [0x0f4a0000, 0x15231b78, 0x15231c00, 0x17cb1000)
 Metaspace       used 18639K, capacity 19073K, committed 19328K, reserved 19840K
Event: 10248.261 GC heap after
Heap after GC invocations=26 (full 2):
 def new generation   total 62784K, used 1009K [0x04a00000, 0x08e20000, 0x0f4a0000)
  eden space 55808K,   0% used [0x04a00000, 0x04a00000, 0x08080000)
  from space 6976K,  14% used [0x08080000, 0x0817c440, 0x08750000)
  to   space 6976K,   0% used [0x08750000, 0x08750000, 0x08e20000)
 tenured generation   total 139332K, used 95814K [0x0f4a0000, 0x17cb1000, 0x24a00000)
   the space 139332K,  68% used [0x0f4a0000, 0x15231b78, 0x15231c00, 0x17cb1000)
 Metaspace       used 18639K, capacity 19073K, committed 19328K, reserved 19840K
}
Event: 11232.507 GC heap before
{Heap before GC invocations=26 (full 2):
 def new generation   total 62784K, used 56817K [0x04a00000, 0x08e20000, 0x0f4a0000)
  eden space 55808K, 100% used [0x04a00000, 0x08080000, 0x08080000)
  from space 6976K,  14% used [0x08080000, 0x0817c440, 0x08750000)
  to   space 6976K,   0% used [0x08750000, 0x08750000, 0x08e20000)
 tenured generation   total 139332K, used 95814K [0x0f4a0000, 0x17cb1000, 0x24a00000)
   the space 139332K,  68% used [0x0f4a0000, 0x15231b78, 0x15231c00, 0x17cb1000)
 Metaspace       used 18639K, capacity 19073K, committed 19328K, reserved 19840K
Event: 11232.509 GC heap after
Heap after GC invocations=27 (full 2):
 def new generation   total 62784K, used 654K [0x04a00000, 0x08e20000, 0x0f4a0000)
  eden space 55808K,   0% used [0x04a00000, 0x04a00000, 0x08080000)
  from space 6976K,   9% used [0x08750000, 0x087f3848, 0x08e20000)
  to   space 6976K,   0% used [0x08080000, 0x08080000, 0x08750000)
 tenured generation   total 139332K, used 95814K [0x0f4a0000, 0x17cb1000, 0x24a00000)
   the space 139332K,  68% used [0x0f4a0000, 0x15231b78, 0x15231c00, 0x17cb1000)
 Metaspace       used 18639K, capacity 19073K, committed 19328K, reserved 19840K
}
Event: 12062.286 GC heap before
{Heap before GC invocations=27 (full 2):
 def new generation   total 62784K, used 56462K [0x04a00000, 0x08e20000, 0x0f4a0000)
  eden space 55808K, 100% used [0x04a00000, 0x08080000, 0x08080000)
  from space 6976K,   9% used [0x08750000, 0x087f3848, 0x08e20000)
  to   space 6976K,   0% used [0x08080000, 0x08080000, 0x08750000)
 tenured generation   total 139332K, used 95814K [0x0f4a0000, 0x17cb1000, 0x24a00000)
   the space 139332K,  68% used [0x0f4a0000, 0x15231b78, 0x15231c00, 0x17cb1000)
 Metaspace       used 18639K, capacity 19073K, committed 19328K, reserved 19840K
Event: 12062.287 GC heap after
Heap after GC invocations=28 (full 2):
 def new generation   total 62784K, used 654K [0x04a00000, 0x08e20000, 0x0f4a0000)
  eden space 55808K,   0% used [0x04a00000, 0x04a00000, 0x08080000)
  from space 6976K,   9% used [0x08080000, 0x08123a88, 0x08750000)
  to   space 6976K,   0% used [0x08750000, 0x08750000, 0x08e20000)
 tenured generation   total 139332K, used 95814K [0x0f4a0000, 0x17cb1000, 0x24a00000)
   the space 139332K,  68% used [0x0f4a0000, 0x15231b78, 0x15231c00, 0x17cb1000)
 Metaspace       used 18639K, capacity 19073K, committed 19328K, reserved 19840K
}
Event: 12720.462 GC heap before
{Heap before GC invocations=28 (full 2):
 def new generation   total 62784K, used 56462K [0x04a00000, 0x08e20000, 0x0f4a0000)
  eden space 55808K, 100% used [0x04a00000, 0x08080000, 0x08080000)
  from space 6976K,   9% used [0x08080000, 0x08123a88, 0x08750000)
  to   space 6976K,   0% used [0x08750000, 0x08750000, 0x08e20000)
 tenured generation   total 139332K, used 95814K [0x0f4a0000, 0x17cb1000, 0x24a00000)
   the space 139332K,  68% used [0x0f4a0000, 0x15231b78, 0x15231c00, 0x17cb1000)
 Metaspace       used 18639K, capacity 19073K, committed 19328K, reserved 19840K
Event: 12720.463 GC heap after
Heap after GC invocations=29 (full 2):
 def new generation   total 62784K, used 654K [0x04a00000, 0x08e20000, 0x0f4a0000)
  eden space 55808K,   0% used [0x04a00000, 0x04a00000, 0x08080000)
  from space 6976K,   9% used [0x08750000, 0x087f3b38, 0x08e20000)
  to   space 6976K,   0% used [0x08080000, 0x08080000, 0x08750000)
 tenured generation   total 139332K, used 95814K [0x0f4a0000, 0x17cb1000, 0x24a00000)
   the space 139332K,  68% used [0x0f4a0000, 0x15231b78, 0x15231c00, 0x17cb1000)
 Metaspace       used 18639K, capacity 19073K, committed 19328K, reserved 19840K
}

Deoptimization events (0 events):
No events

Internal exceptions (10 events):
Event: 4265.498 Thread 0x286f0800 Exception <a 'sun/nio/fs/WindowsException'> (0x0704cb80) thrown at [C:\re\workspace\8-2-build-windows-i586-cygwin\jdk8u66\4988\hotspot\src\share\vm\prims\jni.cpp, line 709]
Event: 4265.498 Thread 0x286f0800 Exception <a 'sun/nio/fs/WindowsException'> (0x0704d138) thrown at [C:\re\workspace\8-2-build-windows-i586-cygwin\jdk8u66\4988\hotspot\src\share\vm\prims\jni.cpp, line 709]
Event: 4265.499 Thread 0x286f0800 Exception <a 'sun/nio/fs/WindowsException'> (0x07060000) thrown at [C:\re\workspace\8-2-build-windows-i586-cygwin\jdk8u66\4988\hotspot\src\share\vm\prims\jni.cpp, line 709]
Event: 4265.499 Thread 0x286f0800 Exception <a 'sun/nio/fs/WindowsException'> (0x07060568) thrown at [C:\re\workspace\8-2-build-windows-i586-cygwin\jdk8u66\4988\hotspot\src\share\vm\prims\jni.cpp, line 709]
Event: 4265.500 Thread 0x286f0800 Exception <a 'sun/nio/fs/WindowsException'> (0x0706cdd8) thrown at [C:\re\workspace\8-2-build-windows-i586-cygwin\jdk8u66\4988\hotspot\src\share\vm\prims\jni.cpp, line 709]
Event: 4265.501 Thread 0x286f0800 Exception <a 'sun/nio/fs/WindowsException'> (0x0706d3a8) thrown at [C:\re\workspace\8-2-build-windows-i586-cygwin\jdk8u66\4988\hotspot\src\share\vm\prims\jni.cpp, line 709]
Event: 4265.501 Thread 0x286f0800 Exception <a 'sun/nio/fs/WindowsException'> (0x07078e10) thrown at [C:\re\workspace\8-2-build-windows-i586-cygwin\jdk8u66\4988\hotspot\src\share\vm\prims\jni.cpp, line 709]
Event: 4265.501 Thread 0x286f0800 Exception <a 'sun/nio/fs/WindowsException'> (0x07079368) thrown at [C:\re\workspace\8-2-build-windows-i586-cygwin\jdk8u66\4988\hotspot\src\share\vm\prims\jni.cpp, line 709]
Event: 4265.502 Thread 0x286f0800 Exception <a 'sun/nio/fs/WindowsException'> (0x070862a0) thrown at [C:\re\workspace\8-2-build-windows-i586-cygwin\jdk8u66\4988\hotspot\src\share\vm\prims\jni.cpp, line 709]
Event: 4265.503 Thread 0x286f0800 Exception <a 'sun/nio/fs/WindowsException'> (0x07086808) thrown at [C:\re\workspace\8-2-build-windows-i586-cygwin\jdk8u66\4988\hotspot\src\share\vm\prims\jni.cpp, line 709]

Events (10 events):
Event: 12444.180 Thread 0x25ceb000 flushing nmethod 0x0292efc8
Event: 12444.180 Thread 0x25ceb000 flushing nmethod 0x0292f188
Event: 12720.462 Executing VM operation: GenCollectForAllocation
Event: 12720.463 Executing VM operation: GenCollectForAllocation done
Event: 19505.770 Thread 0x286ef800 Thread exited: 0x286ef800
Event: 19505.770 Thread 0x286f1400 Thread exited: 0x286f1400
Event: 19507.141 Thread 0x25ceb000 flushing nmethod 0x0298d788
Event: 19507.141 Thread 0x25ceb000 flushing nmethod 0x0298dc88
Event: 19507.141 Thread 0x25ceb000 flushing nmethod 0x02993208
Event: 19507.143 Thread 0x25ceb000 flushing nmethod 0x02bb0f88


Dynamic libraries:
0x002b0000 - 0x002e3000 	C:\Program Files (x86)\Arduino\java\bin\javaw.exe
0x77280000 - 0x77423000 	C:\WINDOWS\SYSTEM32\ntdll.dll
0x752d0000 - 0x753c0000 	C:\WINDOWS\System32\KERNEL32.DLL
0x768e0000 - 0x76af4000 	C:\WINDOWS\System32\KERNELBASE.dll
0x762a0000 - 0x7631a000 	C:\WINDOWS\System32\ADVAPI32.dll
0x75460000 - 0x7551f000 	C:\WINDOWS\System32\msvcrt.dll
0x76350000 - 0x763c5000 	C:\WINDOWS\System32\sechost.dll
0x75520000 - 0x755df000 	C:\WINDOWS\System32\RPCRT4.dll
0x75130000 - 0x752c6000 	C:\WINDOWS\System32\USER32.dll
0x76b00000 - 0x76b18000 	C:\WINDOWS\System32\win32u.dll
0x75f90000 - 0x75fb3000 	C:\WINDOWS\System32\GDI32.dll
0x755e0000 - 0x756bc000 	C:\WINDOWS\System32\gdi32full.dll
0x753e0000 - 0x7545b000 	C:\WINDOWS\System32\msvcp_win.dll
0x76b20000 - 0x76c40000 	C:\WINDOWS\System32\ucrtbase.dll
0x738f0000 - 0x73b00000 	C:\WINDOWS\WinSxS\x86_microsoft.windows.common-controls_6595b64144ccf1df_6.0.19041.1110_none_a8625c1886757984\COMCTL32.dll
0x76320000 - 0x76345000 	C:\WINDOWS\System32\IMM32.DLL
0x74090000 - 0x7414f000 	C:\Program Files (x86)\Arduino\java\bin\msvcr100.dll
0x73ba0000 - 0x73f65000 	C:\Program Files (x86)\Arduino\java\bin\client\jvm.dll
0x767d0000 - 0x767d6000 	C:\WINDOWS\System32\PSAPI.DLL
0x743d0000 - 0x743d8000 	C:\WINDOWS\SYSTEM32\WSOCK32.dll
0x73f90000 - 0x73fb8000 	C:\WINDOWS\SYSTEM32\WINMM.dll
0x74d60000 - 0x74d68000 	C:\WINDOWS\SYSTEM32\VERSION.dll
0x76870000 - 0x768d3000 	C:\WINDOWS\System32\WS2_32.dll
0x74240000 - 0x74271000 	C:\Program Files (x86)\Arduino\java\bin\splashscreen.dll
0x742f0000 - 0x74364000 	C:\WINDOWS\system32\uxtheme.dll
0x76540000 - 0x767c1000 	C:\WINDOWS\System32\combase.dll
0x74230000 - 0x7423c000 	C:\Program Files (x86)\Arduino\java\bin\verify.dll
0x74060000 - 0x74081000 	C:\Program Files (x86)\Arduino\java\bin\java.dll
0x76c40000 - 0x76d14000 	C:\WINDOWS\System32\MSCTF.dll
0x76200000 - 0x76296000 	C:\WINDOWS\System32\OLEAUT32.dll
0x74210000 - 0x74223000 	C:\Program Files (x86)\Arduino\java\bin\zip.dll
0x74cf0000 - 0x74cff000 	C:\WINDOWS\SYSTEM32\kernel.appcore.dll
0x75c80000 - 0x75cdf000 	C:\WINDOWS\System32\bcryptPrimitives.dll
0x61a00000 - 0x61ab9000 	C:\WINDOWS\SYSTEM32\textinputframework.dll
0x71860000 - 0x718fb000 	C:\WINDOWS\System32\CoreMessaging.dll
0x707b0000 - 0x70a2e000 	C:\WINDOWS\System32\CoreUIComponents.dll
0x767e0000 - 0x76867000 	C:\WINDOWS\System32\SHCORE.dll
0x74650000 - 0x74679000 	C:\WINDOWS\SYSTEM32\ntmarta.dll
0x71900000 - 0x719db000 	C:\WINDOWS\SYSTEM32\wintypes.dll
0x756c0000 - 0x75c73000 	C:\WINDOWS\System32\SHELL32.dll
0x746b0000 - 0x74cb9000 	C:\WINDOWS\SYSTEM32\windows.storage.dll
0x74680000 - 0x746a4000 	C:\WINDOWS\SYSTEM32\Wldp.dll
0x75f40000 - 0x75f85000 	C:\WINDOWS\System32\shlwapi.dll
0x744a0000 - 0x744b8000 	C:\WINDOWS\SYSTEM32\profapi.dll
0x60c10000 - 0x60d55000 	C:\Program Files (x86)\Arduino\java\bin\awt.dll
0x743f0000 - 0x7448f000 	C:\WINDOWS\SYSTEM32\apphelp.dll
0x76450000 - 0x76533000 	C:\WINDOWS\System32\ole32.dll
0x74040000 - 0x74056000 	C:\Program Files (x86)\Arduino\java\bin\net.dll
0x74280000 - 0x742d2000 	C:\WINDOWS\system32\mswsock.dll
0x74e60000 - 0x74e92000 	C:\WINDOWS\SYSTEM32\IPHLPAPI.DLL
0x76d80000 - 0x76d87000 	C:\WINDOWS\System32\NSI.dll
0x61940000 - 0x61976000 	C:\Program Files (x86)\Arduino\lib\listSerialsj.dll
0x76e20000 - 0x77255000 	C:\WINDOWS\System32\SETUPAPI.dll
0x75e50000 - 0x75e8b000 	C:\WINDOWS\System32\cfgmgr32.dll
0x753c0000 - 0x753d9000 	C:\WINDOWS\System32\bcrypt.dll
0x71c70000 - 0x71c84000 	C:\WINDOWS\SYSTEM32\dhcpcsvc6.DLL
0x733a0000 - 0x733b6000 	C:\WINDOWS\SYSTEM32\dhcpcsvc.DLL
0x716e0000 - 0x71772000 	C:\WINDOWS\SYSTEM32\DNSAPI.dll
0x741e0000 - 0x741f3000 	C:\WINDOWS\SYSTEM32\CRYPTSP.dll
0x741b0000 - 0x741df000 	C:\WINDOWS\system32\rsaenh.dll
0x74d20000 - 0x74d45000 	C:\WINDOWS\SYSTEM32\USERENV.dll
0x741a0000 - 0x741aa000 	C:\WINDOWS\SYSTEM32\CRYPTBASE.dll
0x74030000 - 0x7403f000 	C:\Program Files (x86)\Arduino\java\bin\nio.dll
0x27b00000 - 0x27b3d000 	C:\Users\duart\AppData\Local\Temp\jna-95934514\jna1052003673333986757.dll
0x69db0000 - 0x69dd6000 	C:\WINDOWS\system32\DWMAPI.DLL
0x73ff0000 - 0x74029000 	C:\Program Files (x86)\Arduino\java\bin\fontmanager.dll
0x73fc0000 - 0x73ff0000 	C:\Program Files (x86)\Arduino\java\bin\t2k.dll
0x71660000 - 0x71668000 	C:\Windows\System32\rasadhlp.dll
0x71680000 - 0x716d8000 	C:\WINDOWS\System32\fwpuclnt.dll
0x71c90000 - 0x71cb4000 	C:\WINDOWS\SYSTEM32\DEVOBJ.dll
0x76040000 - 0x76087000 	C:\WINDOWS\System32\WINTRUST.dll
0x76090000 - 0x76191000 	C:\WINDOWS\System32\CRYPT32.dll
0x74d00000 - 0x74d0e000 	C:\WINDOWS\SYSTEM32\MSASN1.dll
0x73b30000 - 0x73b99000 	C:\Program Files (x86)\Arduino\msvcp100.dll
0x60b50000 - 0x60c0e000 	C:\Program Files (x86)\Arduino\msvcr100.dll
0x290d0000 - 0x29102000 	C:\Program Files (x86)\Arduino\lib\AStylej.dll
0x73b00000 - 0x73b24000 	C:\Program Files (x86)\Arduino\java\bin\dcpr.dll
0x763d0000 - 0x7644e000 	C:\WINDOWS\System32\clbcatq.dll
0x64320000 - 0x64491000 	C:\WINDOWS\SYSTEM32\WindowsCodecs.dll
0x61110000 - 0x61141000 	C:\WINDOWS\system32\dataexchange.dll
0x60800000 - 0x609e0000 	C:\WINDOWS\system32\d3d11.dll
0x609e0000 - 0x60b45000 	C:\WINDOWS\system32\dcomp.dll
0x72320000 - 0x723e3000 	C:\WINDOWS\system32\dxgi.dll
0x60670000 - 0x607ff000 	C:\WINDOWS\system32\twinapi.appcore.dll
0x64000000 - 0x6401b000 	C:\Users\duart\.jssc\windows\jSSC-2.8_x86.dll
0x731d0000 - 0x73358000 	C:\WINDOWS\SYSTEM32\dbghelp.dll

VM Arguments:
jvm_args: -Dsun.java2d.d3d=false -DAPP_DIR=C:\Program Files (x86)\Arduino -Xms128M -Xmx512M 
java_command: processing.app.Base C:\Users\duart\Documents\MIS DOCUMENTOS\Curso 2020-2021 EEI\TFG\PROGRAMACIÓN\Programas_Propios\TESTEOS_p_c_v2\programa_completo_v2_test\programa_completo_v2_test.ino
java_class_path (initial): C:\Program Files (x86)\Arduino\lib\apple.jar;C:\Program Files (x86)\Arduino\lib\arduino-core.jar;C:\Program Files (x86)\Arduino\lib\batik-1.8.jar;C:\Program Files (x86)\Arduino\lib\batik-anim-1.8.jar;C:\Program Files (x86)\Arduino\lib\batik-awt-util-1.8.jar;C:\Program Files (x86)\Arduino\lib\batik-bridge-1.8.jar;C:\Program Files (x86)\Arduino\lib\batik-codec-1.8.jar;C:\Program Files (x86)\Arduino\lib\batik-css-1.8.jar;C:\Program Files (x86)\Arduino\lib\batik-dom-1.8.jar;C:\Program Files (x86)\Arduino\lib\batik-ext-1.8.jar;C:\Program Files (x86)\Arduino\lib\batik-gvt-1.8.jar;C:\Program Files (x86)\Arduino\lib\batik-parser-1.8.jar;C:\Program Files (x86)\Arduino\lib\batik-rasterizer-1.8.jar;C:\Program Files (x86)\Arduino\lib\batik-script-1.8.jar;C:\Program Files (x86)\Arduino\lib\batik-squiggle-1.8.jar;C:\Program Files (x86)\Arduino\lib\batik-svg-dom-1.8.jar;C:\Program Files (x86)\Arduino\lib\batik-svgpp-1.8.jar;C:\Program Files (x86)\Arduino\lib\batik-transcoder-1.8.jar;C:\Program Files (x86)\Arduino\lib\batik-util-1.8.jar;C:\Program Files (x86)\Arduino\lib\batik-xml-1.8.jar;C:\Program Files (x86)\Arduino\lib\bcpg-jdk15on-152.jar;C:\Program Files (x86)\Arduino\lib\bcprov-jdk15on-152.jar;C:\Program Files (x86)\Arduino\lib\commons-codec-1.7.jar;C:\Program Files (x86)\Arduino\lib\commons-compress-1.8.jar;C:\Program Files (x86)\Arduino\lib\commons-exec-1.1.jar;C:\Program Files (x86)\Arduino\lib\commons-httpclient-3.1.jar;C:\Program Files (x86)\Arduino\lib\commons-lang3-3.3.2.jar;C:\Program Files (x86)\Arduino\lib\commons-logging-1.0.4.jar;C:\Program Files (x86)\Arduino\lib\commons-net-3.3.jar;C:\Program Files (x86)\Arduino\lib\jackson-annotations-2.6.3.jar;C:\Program Files (x86)\Arduino\lib\jackson-core-2.6.3.jar;C:\Program Files (x86)\Arduino\lib\jackson-databind-2.6.3.jar;C:\Program Files (x86)\Arduino\lib\jackson-module-mrbean-2.6.3.jar;C:\Program Files (x86)\Arduino\lib\java-semver-0.8.0.jar;C:\Program Files (x86)\Arduino\lib\jmdns-3.4.1.j
Launcher Type: SUN_STANDARD

Environment Variables:
PATH=C:\Program Files (x86)\Common Files\Oracle\Java\javapath;C:\windows\system32;C:\windows;C:\windows\System32\Wbem;C:\windows\System32\WindowsPowerShell\v1.0\;C:\windows\System32\OpenSSH\;C:\Program Files (x86)\NVIDIA Corporation\PhysX\Common;C:\Program Files\NVIDIA Corporation\NVIDIA NvDLISR;C:\Program Files\dotnet\;C:\Program Files\MATLAB\R2020b\bin;C:\WINDOWS\system32;C:\WINDOWS;C:\WINDOWS\System32\Wbem;C:\WINDOWS\System32\WindowsPowerShell\v1.0\;C:\WINDOWS\System32\OpenSSH\;C:\Users\duart\AppData\Local\Microsoft\WindowsApps;C:\Users\duart\.dotnet\tools;;C:\Users\duart\AppData\Local\Programs\Microsoft VS Code\bin;C:\Program Files (x86)\Arduino\java\bin
USERNAME=duart
OS=Windows_NT
PROCESSOR_IDENTIFIER=Intel64 Family 6 Model 165 Stepping 2, GenuineIntel



---------------  S Y S T E M  ---------------

OS: Windows 10.0 , 64 bit Build 19041 (10.0.19041.1023)

CPU:total 12 (6 cores per cpu, 2 threads per core) family 6 model 165 stepping 2, cmov, cx8, fxsr, mmx, sse, sse2, sse3, ssse3, sse4.1, sse4.2, popcnt, avx, avx2, aes, clmul, erms, 3dnowpref, lzcnt, ht, tsc, tscinvbit, bmi1, bmi2, adx

Memory: 4k page, physical 16543240k(7536696k free), swap 19033608k(6550896k free)

vm_info: Java HotSpot(TM) Client VM (25.66-b17) for windows-x86 JRE (1.8.0_66-b17), built on Oct  6 2015 19:59:47 by "java_re" with MS VC++ 10.0 (VS2010)

time: Wed Jul 28 17:26:42 2021
elapsed time: 19507 seconds (0d 5h 25m 7s)

